<?xml version="1.0" encoding="UTF-8"?>
<!-- Generated by org.testng.reporters.JUnitXMLReporter -->
<testsuite ignored="2" hostname="DESKTOP-18H7VUB" failures="1" tests="2" name="Test" time="113.237" errors="0" timestamp="2023-11-01T18:01:37 NZDT">
  <testcase classname="GenericUtilities.BaseClass" name="@AfterMethod amConfig" time="0.004">
    <failure type="org.openqa.selenium.NoSuchSessionException" message="Session ID is null. Using WebDriver after calling quit()?
Build info: version: &amp;apos;4.14.1&amp;apos;, revision: &amp;apos;03f8ede370&amp;apos;
System info: os.name: &amp;apos;Windows 10&amp;apos;, os.arch: &amp;apos;amd64&amp;apos;, os.version: &amp;apos;10.0&amp;apos;, java.version: &amp;apos;17.0.7&amp;apos;
Driver info: org.openqa.selenium.edge.EdgeDriver
Command: [null, actions {actions=[org.openqa.selenium.interactions.Sequence@76bf1bb8]}]
Capabilities {acceptInsecureCerts: false, browserName: msedge, browserVersion: 118.0.2088.76, fedcm:accounts: true, ms:edgeOptions: {debuggerAddress: localhost:52408}, msedge: {msedgedriverVersion: 118.0.2088.76 (d3ddcf1d51d5..., userDataDir: C:\Users\Basanth\AppData\Lo...}, networkConnectionEnabled: false, pageLoadStrategy: normal, platformName: windows, proxy: Proxy(), se:cdp: ws://localhost:52408/devtoo..., se:cdpVersion: 118.0.2088.76, setWindowRect: true, strictFileInteractability: false, timeouts: {implicit: 0, pageLoad: 300000, script: 30000}, unhandledPromptBehavior: dismiss and notify, webauthn:extension:credBlob: true, webauthn:extension:largeBlob: true, webauthn:extension:minPinLength: true, webauthn:extension:prf: true, webauthn:virtualAuthenticators: true}">
      <![CDATA[org.openqa.selenium.NoSuchSessionException: Session ID is null. Using WebDriver after calling quit()?
Build info: version: '4.14.1', revision: '03f8ede370'
System info: os.name: 'Windows 10', os.arch: 'amd64', os.version: '10.0', java.version: '17.0.7'
Driver info: org.openqa.selenium.edge.EdgeDriver
Command: [null, actions {actions=[org.openqa.selenium.interactions.Sequence@76bf1bb8]}]
Capabilities {acceptInsecureCerts: false, browserName: msedge, browserVersion: 118.0.2088.76, fedcm:accounts: true, ms:edgeOptions: {debuggerAddress: localhost:52408}, msedge: {msedgedriverVersion: 118.0.2088.76 (d3ddcf1d51d5..., userDataDir: C:\Users\Basanth\AppData\Lo...}, networkConnectionEnabled: false, pageLoadStrategy: normal, platformName: windows, proxy: Proxy(), se:cdp: ws://localhost:52408/devtoo..., se:cdpVersion: 118.0.2088.76, setWindowRect: true, strictFileInteractability: false, timeouts: {implicit: 0, pageLoad: 300000, script: 30000}, unhandledPromptBehavior: dismiss and notify, webauthn:extension:credBlob: true, webauthn:extension:largeBlob: true, webauthn:extension:minPinLength: true, webauthn:extension:prf: true, webauthn:virtualAuthenticators: true}
at org.openqa.selenium.remote.HttpCommandExecutor.execute(HttpCommandExecutor.java:152)
at org.openqa.selenium.remote.service.DriverCommandExecutor.invokeExecute(DriverCommandExecutor.java:200)
at org.openqa.selenium.remote.service.DriverCommandExecutor.execute(DriverCommandExecutor.java:175)
at org.openqa.selenium.remote.RemoteWebDriver.execute(RemoteWebDriver.java:602)
at org.openqa.selenium.remote.RemoteWebDriver.perform(RemoteWebDriver.java:688)
at org.openqa.selenium.interactions.Actions$BuiltAction.perform(Actions.java:605)
at org.openqa.selenium.interactions.Actions.perform(Actions.java:574)
at GenericUtilities.WebDriverUtility.mouseHoverAction(WebDriverUtility.java:111)
at objectRepository.HomePage.logoutApp(HomePage.java:85)
at GenericUtilities.BaseClass.amConfig(BaseClass.java:91)
at java.base/java.util.ArrayList.forEach(ArrayList.java:1511)
... Removed 32 stack frames]]>
    </failure>
  </testcase> <!-- @AfterMethod amConfig -->
  <testcase classname="ContactTests.CreateContactWithOrganisation" name="CreateContactWithOrganisation" time="34.438">
    <failure type="org.openqa.selenium.NoSuchWindowException" message="no such window
  (Session info: MicrosoftEdge=118.0.2088.76)
Build info: version: &amp;apos;4.14.1&amp;apos;, revision: &amp;apos;03f8ede370&amp;apos;
System info: os.name: &amp;apos;Windows 10&amp;apos;, os.arch: &amp;apos;amd64&amp;apos;, os.version: &amp;apos;10.0&amp;apos;, java.version: &amp;apos;17.0.7&amp;apos;
Driver info: org.openqa.selenium.edge.EdgeDriver
Command: [a6bfbf5c59e2c91dad72607ee45e179d, switchToWindow {handle=26A262E0E6547A0D2D1BD2E7092C2733}]
Capabilities {acceptInsecureCerts: false, browserName: msedge, browserVersion: 118.0.2088.76, fedcm:accounts: true, ms:edgeOptions: {debuggerAddress: localhost:52331}, msedge: {msedgedriverVersion: 118.0.2088.76 (d3ddcf1d51d5..., userDataDir: C:\Users\Basanth\AppData\Lo...}, networkConnectionEnabled: false, pageLoadStrategy: normal, platformName: windows, proxy: Proxy(), se:cdp: ws://localhost:52331/devtoo..., se:cdpVersion: 118.0.2088.76, setWindowRect: true, strictFileInteractability: false, timeouts: {implicit: 0, pageLoad: 300000, script: 30000}, unhandledPromptBehavior: dismiss and notify, webauthn:extension:credBlob: true, webauthn:extension:largeBlob: true, webauthn:extension:minPinLength: true, webauthn:extension:prf: true, webauthn:virtualAuthenticators: true}
Session ID: a6bfbf5c59e2c91dad72607ee45e179d">
      <![CDATA[org.openqa.selenium.NoSuchWindowException: no such window
  (Session info: MicrosoftEdge=118.0.2088.76)
Build info: version: '4.14.1', revision: '03f8ede370'
System info: os.name: 'Windows 10', os.arch: 'amd64', os.version: '10.0', java.version: '17.0.7'
Driver info: org.openqa.selenium.edge.EdgeDriver
Command: [a6bfbf5c59e2c91dad72607ee45e179d, switchToWindow {handle=26A262E0E6547A0D2D1BD2E7092C2733}]
Capabilities {acceptInsecureCerts: false, browserName: msedge, browserVersion: 118.0.2088.76, fedcm:accounts: true, ms:edgeOptions: {debuggerAddress: localhost:52331}, msedge: {msedgedriverVersion: 118.0.2088.76 (d3ddcf1d51d5..., userDataDir: C:\Users\Basanth\AppData\Lo...}, networkConnectionEnabled: false, pageLoadStrategy: normal, platformName: windows, proxy: Proxy(), se:cdp: ws://localhost:52331/devtoo..., se:cdpVersion: 118.0.2088.76, setWindowRect: true, strictFileInteractability: false, timeouts: {implicit: 0, pageLoad: 300000, script: 30000}, unhandledPromptBehavior: dismiss and notify, webauthn:extension:credBlob: true, webauthn:extension:largeBlob: true, webauthn:extension:minPinLength: true, webauthn:extension:prf: true, webauthn:virtualAuthenticators: true}
Session ID: a6bfbf5c59e2c91dad72607ee45e179d
at org.openqa.selenium.remote.codec.w3c.W3CHttpResponseCodec.createException(W3CHttpResponseCodec.java:200)
at org.openqa.selenium.remote.codec.w3c.W3CHttpResponseCodec.decode(W3CHttpResponseCodec.java:133)
at org.openqa.selenium.remote.codec.w3c.W3CHttpResponseCodec.decode(W3CHttpResponseCodec.java:52)
at org.openqa.selenium.remote.HttpCommandExecutor.execute(HttpCommandExecutor.java:191)
at org.openqa.selenium.remote.service.DriverCommandExecutor.invokeExecute(DriverCommandExecutor.java:200)
at org.openqa.selenium.remote.service.DriverCommandExecutor.execute(DriverCommandExecutor.java:175)
at org.openqa.selenium.remote.RemoteWebDriver.execute(RemoteWebDriver.java:602)
at org.openqa.selenium.remote.RemoteWebDriver$RemoteTargetLocator.window(RemoteWebDriver.java:1157)
at GenericUtilities.WebDriverUtility.switchToWindow(WebDriverUtility.java:258)
at objectRepository.CreateNewContactPage.createNewContact(CreateNewContactPage.java:93)
at ContactTests.CreateContactWithOrganisation.CreateContactWithOrganisation(CreateContactWithOrganisation.java:68)
at java.base/java.util.ArrayList.forEach(ArrayList.java:1511)
... Removed 32 stack frames]]>
    </failure>
  </testcase> <!-- CreateContactWithOrganisation -->
  <testcase classname="ContactTests.CreateContact" name="CreateContact" time="21.272"/>
  <testcase classname="GenericUtilities.BaseClass" name="@BeforeSuite bsConfig" time="0.0">
    <ignored/>
  </testcase> <!-- @BeforeSuite bsConfig -->
  <testcase classname="GenericUtilities.BaseClass" name="@AfterSuite asConfig" time="0.0">
    <ignored/>
  </testcase> <!-- @AfterSuite asConfig -->
</testsuite> <!-- Test -->
