<?xml version="1.0" encoding="UTF-8"?>
<testng-results ignored="0" total="1" passed="1" failed="0" skipped="0">
  <reporter-output>
  </reporter-output>
  <suite started-at="2023-11-10T18:45:01 NZDT" name="Default suite" finished-at="2023-11-10T18:45:01 NZDT" duration-ms="167">
    <groups>
    </groups>
    <test started-at="2023-11-10T18:45:01 NZDT" name="Default test" finished-at="2023-11-10T18:45:01 NZDT" duration-ms="167">
      <class name="Practice.ReadDataFromCmdLine">
        <test-method signature="read()[pri:0, instance:Practice.ReadDataFromCmdLine@563f38c4]" started-at="2023-11-10T18:45:01 NZDT" name="read" finished-at="2023-11-10T18:45:01 NZDT" duration-ms="33" status="PASS">
          <reporter-output>
          </reporter-output>
        </test-method> <!-- read -->
      </class> <!-- Practice.ReadDataFromCmdLine -->
    </test> <!-- Default test -->
  </suite> <!-- Default suite -->
</testng-results>
